Time slice quantum: 1
runSimulation()> systemTime: 0
runSimulation()> systemTime: 1
runSimulation()> systemTime: 2
runSimulation()> systemTime: 3
runSimulation()> systemTime: 4
runSimulation()> systemTime: 5
runSimulation()> systemTime: 6
runSimulation()> systemTime: 7
runSimulation()> systemTime: 8
runSimulation()> systemTime: 9
runSimulation()> systemTime: 10
runSimulation()> systemTime: 11
runSimulation()> systemTime: 12
runSimulation()> systemTime: 13
runSimulation()> systemTime: 14
runSimulation()> systemTime: 15
runSimulation()> systemTime: 16
runSimulation()> systemTime: 17
runSimulation()> systemTime: 18
runSimulation()> systemTime: 19
runSimulation()> systemTime: 20
runSimulation()> systemTime: 21
runSimulation()> systemTime: 22
runSimulation()> systemTime: 23
runSimulation()> systemTime: 24
runSimulation()> systemTime: 25
runSimulation()> systemTime: 26
runSimulation()> systemTime: 27
runSimulation()> systemTime: 28
runSimulation()> systemTime: 29
runSimulation()> systemTime: 30
runSimulation()> systemTime: 31
runSimulation()> systemTime: 32
runSimulation()> systemTime: 33
runSimulation()> systemTime: 34
runSimulation()> systemTime: 35
runSimulation()> systemTime: 36
runSimulation()> systemTime: 37
runSimulation()> systemTime: 38
runSimulation()> systemTime: 39
runSimulation()> systemTime: 40
0  1  2  3  4  5  6  7  8  9  10 11 12 13 14 15 16 17 18 19 20 21 22 23 24 25 26 27 28 29 30 31 32 33 34 35 36 37 38 39 40 41 
  A  A  A  A  B  B  B  B  B  C  C  C  D  D  D  D  D  D  D  D  E  E  F  F  F  F  F  F  G  G  G  G  H  H  H  I  J  J  J  J  J  

Name Arrv T_s  Strt End  T_r  T_r / T_s
A    0    4    0    4    4    1.0000  
B    1    5    4    9    8    1.6000  
C    3    3    9    12   9    3.0000  
D    3    8    12   20   17   2.1250  
E    5    2    20   22   17   8.5000  
F    5    6    22   28   23   3.8333  
G    6    4    28   32   26   6.5000  
H    8    3    32   35   27   9.0000  
I    8    1    35   36   28   28.0000 
J    10   5    36   41   31   6.2000  

