Time slice quantum: 1
runSimulation()> systemTime: 0
runSimulation()> systemTime: 1
runSimulation()> systemTime: 2
runSimulation()> systemTime: 3
runSimulation()> systemTime: 4
runSimulation()> systemTime: 5
runSimulation()> systemTime: 6
runSimulation()> systemTime: 7
runSimulation()> systemTime: 8
runSimulation()> systemTime: 9
runSimulation()> systemTime: 10
runSimulation()> systemTime: 11
runSimulation()> systemTime: 12
runSimulation()> systemTime: 13
runSimulation()> systemTime: 14
runSimulation()> systemTime: 15
runSimulation()> systemTime: 16
runSimulation()> systemTime: 17
runSimulation()> systemTime: 18
runSimulation()> systemTime: 19
0  1  2  3  4  5  6  7  8  9  10 11 12 13 14 15 16 17 18 19 20 
  A  A  A  B  B  B  B  B  C  C  D  D  D  D  D  E  E  E  E  E  

Name Arrv T_s  Strt End  T_r  T_r / T_s
A    0    3    0    3    3    1.0000  
B    1    5    3    8    7    1.4000  
C    3    2    8    10   7    3.5000  
D    9    5    10   15   6    1.2000  
E    12   5    15   20   8    1.6000  

